Using pre-set license
Built from '2020.3/staging' branch; Version is '2020.3.3f1 (76626098c1c4) revision 7758432'; Using compiler version '192528614'; Build Type 'Release'
OS: 'Windows 10 Pro; OS build 19041.985; Version 2004; 64bit' Language: 'en' Physical Memory: 8070 MB
BatchMode: 1, IsHumanControllingUs: 0, StartBugReporterOnCrash: 0, Is64bit: 1, IsPro: 0

 COMMAND LINE ARGUMENTS:
C:\Program Files\Unity\Hub\Editor\2020.3.3f1\Editor\Unity.exe
-adb2
-batchMode
-noUpm
-name
AssetImportWorker0
-projectPath
C:/Users/notaf/Documents/GitHub/Blasteroids/BlasteroidsV1
-logFile
Logs/AssetImportWorker0.log
-srvPort
56923
Successfully changed project path to: C:/Users/notaf/Documents/GitHub/Blasteroids/BlasteroidsV1
C:/Users/notaf/Documents/GitHub/Blasteroids/BlasteroidsV1
Using Asset Import Pipeline V2.
Refreshing native plugins compatible for Editor in 69.56 ms, found 0 plugins.
Preloading 0 native plugins for Editor in 0.00 ms.
Initialize engine version: 2020.3.3f1 (76626098c1c4)
[Subsystems] Discovering subsystems at path C:/Program Files/Unity/Hub/Editor/2020.3.3f1/Editor/Data/Resources/UnitySubsystems
[Subsystems] Discovering subsystems at path C:/Users/notaf/Documents/GitHub/Blasteroids/BlasteroidsV1/Assets
GfxDevice: creating device client; threaded=0
Direct3D:
    Version:  Direct3D 11.0 [level 11.1]
    Renderer: Intel(R) UHD Graphics 620 (ID=0x3ea0)
    Vendor:   
    VRAM:     4035 MB
    Driver:   27.20.100.8935
Initialize mono
Mono path[0] = 'C:/Program Files/Unity/Hub/Editor/2020.3.3f1/Editor/Data/Managed'
Mono path[1] = 'C:/Program Files/Unity/Hub/Editor/2020.3.3f1/Editor/Data/MonoBleedingEdge/lib/mono/unityjit'
Mono config path = 'C:/Program Files/Unity/Hub/Editor/2020.3.3f1/Editor/Data/MonoBleedingEdge/etc'
Using monoOptions --debugger-agent=transport=dt_socket,embedding=1,server=y,suspend=n,address=127.0.0.1:56372
Begin MonoManager ReloadAssembly
Registering precompiled unity dll's ...
Register platform support module: C:/Program Files/Unity/Hub/Editor/2020.3.3f1/Editor/Data/PlaybackEngines/WebGLSupport/UnityEditor.WebGL.Extensions.dll
Register platform support module: C:/Program Files/Unity/Hub/Editor/2020.3.3f1/Editor/Data/PlaybackEngines/WindowsStandaloneSupport/UnityEditor.WindowsStandalone.Extensions.dll
Registered in 0.004154 seconds.
Native extension for WindowsStandalone target not found
Native extension for WebGL target not found
Refreshing native plugins compatible for Editor in 50.75 ms, found 0 plugins.
Preloading 0 native plugins for Editor in 0.00 ms.
Invoked RoslynAnalysisRunner static constructor.
RoslynAnalysisRunner will not be running.
RoslynAnalysisRunner has terminated.
Mono: successfully reloaded assembly
- Completed reload, in  2.739 seconds
Platform modules already initialized, skipping
Registering precompiled user dll's ...
Registered in 0.002162 seconds.
Begin MonoManager ReloadAssembly
Native extension for WindowsStandalone target not found
Native extension for WebGL target not found
Refreshing native plugins compatible for Editor in 0.23 ms, found 0 plugins.
Preloading 0 native plugins for Editor in 0.00 ms.
Invoked RoslynAnalysisRunner static constructor.
RoslynAnalysisRunner will not be running.
RoslynAnalysisRunner has terminated.
Mono: successfully reloaded assembly
- Completed reload, in  1.578 seconds
Platform modules already initialized, skipping
========================================================================
Worker process is ready to serve import requests
Launched and connected shader compiler UnityShaderCompiler.exe after 0.08 seconds
Refreshing native plugins compatible for Editor in 0.20 ms, found 0 plugins.
Preloading 0 native plugins for Editor in 0.00 ms.
Unloading 1121 Unused Serialized files (Serialized files now loaded: 0)
System memory in use before: 57.1 MB.
System memory in use after: 57.2 MB.

Unloading 9 unused Assets to reduce memory usage. Loaded Objects now: 1565.
Total: 2.008000 ms (FindLiveObjects: 0.132900 ms CreateObjectMapping: 0.038100 ms MarkObjects: 1.733400 ms  DeleteObjects: 0.102400 ms)

========================================================================
Received Import Request.
  path: Assets/Resources/Prefabs/GLaser.prefab
  artifactKey: Guid(90836a00c4e5a614fb45f14168fc266f) Importer(815301076,1909f56bfc062723c751e8b465ee728b)
Start importing Assets/Resources/Prefabs/GLaser.prefab using Guid(90836a00c4e5a614fb45f14168fc266f) Importer(815301076,1909f56bfc062723c751e8b465ee728b)  -> (artifact id: 'cbd8a5ad227312a37735d0eeed0809a8') in 0.188180 seconds
  Import took 0.190514 seconds .

========================================================================
Received Import Request.
  Time since last request: 0.938332 seconds.
  path: Assets/Resources/Prefabs/GLaser.prefab
  artifactKey: Guid(90836a00c4e5a614fb45f14168fc266f) Importer(815301076,1909f56bfc062723c751e8b465ee728b)
Start importing Assets/Resources/Prefabs/GLaser.prefab using Guid(90836a00c4e5a614fb45f14168fc266f) Importer(815301076,1909f56bfc062723c751e8b465ee728b)  -> (artifact id: '24d4292db7ed5b63adf2059da45f8605') in 0.020172 seconds
  Import took 0.022970 seconds .

========================================================================
Received Import Request.
  Time since last request: 32.222933 seconds.
  path: Assets/Scripts/HeroBehavior.cs
  artifactKey: Guid(4c1172f88695e8c4d8bab3c268767293) Importer(815301076,1909f56bfc062723c751e8b465ee728b)
Start importing Assets/Scripts/HeroBehavior.cs using Guid(4c1172f88695e8c4d8bab3c268767293) Importer(815301076,1909f56bfc062723c751e8b465ee728b)  -> (artifact id: 'bf8c178fd915153b198988c537462c8f') in 0.015019 seconds
  Import took 0.017730 seconds .

========================================================================
Received Prepare
Registering precompiled user dll's ...
Registered in 0.001773 seconds.
Begin MonoManager ReloadAssembly
Native extension for WindowsStandalone target not found
Native extension for WebGL target not found
Refreshing native plugins compatible for Editor in 0.38 ms, found 0 plugins.
Preloading 0 native plugins for Editor in 0.00 ms.
Invoked RoslynAnalysisRunner static constructor.
RoslynAnalysisRunner will not be running.
RoslynAnalysisRunner has terminated.
Mono: successfully reloaded assembly
- Completed reload, in  1.361 seconds
Platform modules already initialized, skipping
Refreshing native plugins compatible for Editor in 0.40 ms, found 0 plugins.
Preloading 0 native plugins for Editor in 0.00 ms.
Unloading 1115 Unused Serialized files (Serialized files now loaded: 0)
System memory in use before: 60.1 MB.
System memory in use after: 60.2 MB.

Unloading 4 unused Assets to reduce memory usage. Loaded Objects now: 1575.
Total: 4.184300 ms (FindLiveObjects: 0.977700 ms CreateObjectMapping: 0.180500 ms MarkObjects: 2.997600 ms  DeleteObjects: 0.025000 ms)

========================================================================
Received Prepare
Registering precompiled user dll's ...
Registered in 0.001358 seconds.
Begin MonoManager ReloadAssembly
Native extension for WindowsStandalone target not found
Native extension for WebGL target not found
Refreshing native plugins compatible for Editor in 0.25 ms, found 0 plugins.
Preloading 0 native plugins for Editor in 0.00 ms.
Invoked RoslynAnalysisRunner static constructor.
RoslynAnalysisRunner will not be running.
RoslynAnalysisRunner has terminated.
Mono: successfully reloaded assembly
- Completed reload, in  1.637 seconds
Platform modules already initialized, skipping
Refreshing native plugins compatible for Editor in 0.56 ms, found 0 plugins.
Preloading 0 native plugins for Editor in 0.00 ms.
Unloading 1115 Unused Serialized files (Serialized files now loaded: 0)
System memory in use before: 60.1 MB.
System memory in use after: 60.2 MB.

Unloading 4 unused Assets to reduce memory usage. Loaded Objects now: 1578.
Total: 3.282100 ms (FindLiveObjects: 0.312800 ms CreateObjectMapping: 0.099900 ms MarkObjects: 2.834000 ms  DeleteObjects: 0.033100 ms)

========================================================================
Received Import Request.
  Time since last request: 200.433883 seconds.
  path: Assets/Scripts/PlanetRotate.cs
  artifactKey: Guid(ea5dfb4cdb994aa4f928066696973e54) Importer(815301076,1909f56bfc062723c751e8b465ee728b)
Start importing Assets/Scripts/PlanetRotate.cs using Guid(ea5dfb4cdb994aa4f928066696973e54) Importer(815301076,1909f56bfc062723c751e8b465ee728b)  -> (artifact id: 'f8dd24ddb790db491fa3343b7a51a3d6') in 0.021240 seconds
  Import took 0.050795 seconds .

========================================================================
Received Import Request.
  Time since last request: 1.946727 seconds.
  path: Assets/Scripts/LaserSupport/LaserBehavior.cs
  artifactKey: Guid(c47ab184f30945342a3d5ce7c3389f9b) Importer(815301076,1909f56bfc062723c751e8b465ee728b)
Start importing Assets/Scripts/LaserSupport/LaserBehavior.cs using Guid(c47ab184f30945342a3d5ce7c3389f9b) Importer(815301076,1909f56bfc062723c751e8b465ee728b)  -> (artifact id: 'bb0df5e5980d310eb56d6867f744a8c6') in 0.012628 seconds
  Import took 0.046757 seconds .

========================================================================
Received Import Request.
  Time since last request: 8.184106 seconds.
  path: Assets/Scripts/LaserSupport/LaserStatSystem.cs
  artifactKey: Guid(a9f5d974e1dadc14d86e044c7ac0ceba) Importer(815301076,1909f56bfc062723c751e8b465ee728b)
Start importing Assets/Scripts/LaserSupport/LaserStatSystem.cs using Guid(a9f5d974e1dadc14d86e044c7ac0ceba) Importer(815301076,1909f56bfc062723c751e8b465ee728b)  -> (artifact id: 'ffeee682daa1e32c6e768d8fc1dc2cb1') in 0.010808 seconds
  Import took 0.038762 seconds .

========================================================================
Received Prepare
Registering precompiled user dll's ...
Registered in 0.001839 seconds.
Begin MonoManager ReloadAssembly
Native extension for WindowsStandalone target not found
Native extension for WebGL target not found
Refreshing native plugins compatible for Editor in 0.33 ms, found 0 plugins.
Preloading 0 native plugins for Editor in 0.00 ms.
Invoked RoslynAnalysisRunner static constructor.
RoslynAnalysisRunner will not be running.
RoslynAnalysisRunner has terminated.
Mono: successfully reloaded assembly
- Completed reload, in  1.386 seconds
Platform modules already initialized, skipping
Refreshing native plugins compatible for Editor in 0.24 ms, found 0 plugins.
Preloading 0 native plugins for Editor in 0.00 ms.
Unloading 1115 Unused Serialized files (Serialized files now loaded: 0)
System memory in use before: 60.1 MB.
System memory in use after: 60.2 MB.

Unloading 4 unused Assets to reduce memory usage. Loaded Objects now: 1581.
Total: 2.677500 ms (FindLiveObjects: 0.221500 ms CreateObjectMapping: 0.055100 ms MarkObjects: 2.380200 ms  DeleteObjects: 0.019200 ms)

========================================================================
Received Prepare
Registering precompiled user dll's ...
Registered in 0.001247 seconds.
Begin MonoManager ReloadAssembly
Native extension for WindowsStandalone target not found
Native extension for WebGL target not found
Refreshing native plugins compatible for Editor in 0.27 ms, found 0 plugins.
Preloading 0 native plugins for Editor in 0.00 ms.
Invoked RoslynAnalysisRunner static constructor.
RoslynAnalysisRunner will not be running.
RoslynAnalysisRunner has terminated.
Mono: successfully reloaded assembly
- Completed reload, in  1.303 seconds
Platform modules already initialized, skipping
Refreshing native plugins compatible for Editor in 0.61 ms, found 0 plugins.
Preloading 0 native plugins for Editor in 0.00 ms.
Unloading 1115 Unused Serialized files (Serialized files now loaded: 0)
System memory in use before: 60.1 MB.
System memory in use after: 60.2 MB.

Unloading 4 unused Assets to reduce memory usage. Loaded Objects now: 1584.
Total: 3.392000 ms (FindLiveObjects: 0.392400 ms CreateObjectMapping: 0.102600 ms MarkObjects: 2.865300 ms  DeleteObjects: 0.025800 ms)

AssetImportWorkerClient::OnTransportError - code=2 error=End of file
